2021-01-04 16:56:15.848  INFO 22816 --- [main] com.taxfiling.TaxFilingApplication       : Starting TaxFilingApplication using Java 13.0.1 on Dell-Inspiron with PID 22816 (C:\Users\Vatsal\git\repository4\TaxFilingApplication\target\classes started by Vaibhavi in C:\Users\Vatsal\git\repository4\TaxFilingApplication)
2021-01-04 16:56:15.859  INFO 22816 --- [main] com.taxfiling.TaxFilingApplication       : No active profile set, falling back to default profiles: default
2021-01-04 16:56:17.758  INFO 22816 --- [main] .s.d.r.c.RepositoryConfigurationDelegate : Bootstrapping Spring Data JPA repositories in DEFAULT mode.
2021-01-04 16:56:18.065  INFO 22816 --- [main] .s.d.r.c.RepositoryConfigurationDelegate : Finished Spring Data repository scanning in 294 ms. Found 6 JPA repository interfaces.
2021-01-04 16:56:19.964  INFO 22816 --- [main] o.s.b.w.embedded.tomcat.TomcatWebServer  : Tomcat initialized with port(s): 8082 (http)
2021-01-04 16:56:19.975  INFO 22816 --- [main] o.apache.catalina.core.StandardService   : Starting service [Tomcat]
2021-01-04 16:56:19.975  INFO 22816 --- [main] org.apache.catalina.core.StandardEngine  : Starting Servlet engine: [Apache Tomcat/9.0.41]
2021-01-04 16:56:20.575  INFO 22816 --- [main] o.a.c.c.C.[Tomcat].[localhost].[/]       : Initializing Spring embedded WebApplicationContext
2021-01-04 16:56:20.576  INFO 22816 --- [main] w.s.c.ServletWebServerApplicationContext : Root WebApplicationContext: initialization completed in 4605 ms
2021-01-04 16:56:20.816  INFO 22816 --- [main] o.hibernate.jpa.internal.util.LogHelper  : HHH000204: Processing PersistenceUnitInfo [name: default]
2021-01-04 16:56:20.910  INFO 22816 --- [main] org.hibernate.Version                    : HHH000412: Hibernate ORM core version 5.4.25.Final
2021-01-04 16:56:21.156  INFO 22816 --- [main] o.hibernate.annotations.common.Version   : HCANN000001: Hibernate Commons Annotations {5.1.2.Final}
2021-01-04 16:56:21.402  INFO 22816 --- [main] com.zaxxer.hikari.HikariDataSource       : HikariPool-1 - Starting...
2021-01-04 16:56:22.072  INFO 22816 --- [main] com.zaxxer.hikari.HikariDataSource       : HikariPool-1 - Start completed.
2021-01-04 16:56:22.093  INFO 22816 --- [main] org.hibernate.dialect.Dialect            : HHH000400: Using dialect: org.hibernate.dialect.PostgreSQLDialect
2021-01-04 16:56:24.220  INFO 22816 --- [main] o.h.e.t.j.p.i.JtaPlatformInitiator       : HHH000490: Using JtaPlatform implementation: [org.hibernate.engine.transaction.jta.platform.internal.NoJtaPlatform]
2021-01-04 16:56:24.229  INFO 22816 --- [main] j.LocalContainerEntityManagerFactoryBean : Initialized JPA EntityManagerFactory for persistence unit 'default'
2021-01-04 16:56:25.671  WARN 22816 --- [main] JpaBaseConfiguration$JpaWebConfiguration : spring.jpa.open-in-view is enabled by default. Therefore, database queries may be performed during view rendering. Explicitly configure spring.jpa.open-in-view to disable this warning
2021-01-04 16:56:25.915  INFO 22816 --- [main] pertySourcedRequestMappingHandlerMapping : Mapped URL path [/v2/api-docs] onto method [springfox.documentation.swagger2.web.Swagger2Controller#getDocumentation(String, HttpServletRequest)]
2021-01-04 16:56:26.070  INFO 22816 --- [main] o.s.s.concurrent.ThreadPoolTaskExecutor  : Initializing ExecutorService 'applicationTaskExecutor'
2021-01-04 16:56:26.656  INFO 22816 --- [main] o.s.b.w.embedded.tomcat.TomcatWebServer  : Tomcat started on port(s): 8082 (http) with context path ''
2021-01-04 16:56:26.658  INFO 22816 --- [main] d.s.w.p.DocumentationPluginsBootstrapper : Context refreshed
2021-01-04 16:56:26.684  INFO 22816 --- [main] d.s.w.p.DocumentationPluginsBootstrapper : Found 1 custom documentation plugin(s)
2021-01-04 16:56:26.732  INFO 22816 --- [main] s.d.s.w.s.ApiListingReferenceScanner     : Scanning for api listing references
2021-01-04 16:56:27.067  INFO 22816 --- [main] com.taxfiling.TaxFilingApplication       : Started TaxFilingApplication in 11.829 seconds (JVM running for 12.851)
2021-01-04 16:57:28.326  INFO 22816 --- [http-nio-8082-exec-1] o.a.c.c.C.[Tomcat].[localhost].[/]       : Initializing Spring DispatcherServlet 'dispatcherServlet'
2021-01-04 16:57:28.328  INFO 22816 --- [http-nio-8082-exec-1] o.s.web.servlet.DispatcherServlet        : Initializing Servlet 'dispatcherServlet'
2021-01-04 16:57:28.330  INFO 22816 --- [http-nio-8082-exec-1] o.s.web.servlet.DispatcherServlet        : Completed initialization in 2 ms
2021-01-04 16:59:17.890  INFO 22988 --- [main] com.taxfiling.TaxFilingApplication       : Starting TaxFilingApplication using Java 13.0.1 on Dell-Inspiron with PID 22988 (C:\Users\Vatsal\git\repository4\TaxFilingApplication\target\classes started by Vaibhavi in C:\Users\Vatsal\git\repository4\TaxFilingApplication)
2021-01-04 16:59:17.902  INFO 22988 --- [main] com.taxfiling.TaxFilingApplication       : No active profile set, falling back to default profiles: default
2021-01-04 16:59:20.289  INFO 22988 --- [main] .s.d.r.c.RepositoryConfigurationDelegate : Bootstrapping Spring Data JPA repositories in DEFAULT mode.
2021-01-04 16:59:20.688  INFO 22988 --- [main] .s.d.r.c.RepositoryConfigurationDelegate : Finished Spring Data repository scanning in 381 ms. Found 6 JPA repository interfaces.
2021-01-04 16:59:22.047  INFO 22988 --- [main] o.s.b.w.embedded.tomcat.TomcatWebServer  : Tomcat initialized with port(s): 8082 (http)
2021-01-04 16:59:22.061  INFO 22988 --- [main] o.apache.catalina.core.StandardService   : Starting service [Tomcat]
2021-01-04 16:59:22.061  INFO 22988 --- [main] org.apache.catalina.core.StandardEngine  : Starting Servlet engine: [Apache Tomcat/9.0.41]
2021-01-04 16:59:22.728  INFO 22988 --- [main] o.a.c.c.C.[Tomcat].[localhost].[/]       : Initializing Spring embedded WebApplicationContext
2021-01-04 16:59:22.729  INFO 22988 --- [main] w.s.c.ServletWebServerApplicationContext : Root WebApplicationContext: initialization completed in 4715 ms
2021-01-04 16:59:22.966  INFO 22988 --- [main] o.hibernate.jpa.internal.util.LogHelper  : HHH000204: Processing PersistenceUnitInfo [name: default]
2021-01-04 16:59:23.053  INFO 22988 --- [main] org.hibernate.Version                    : HHH000412: Hibernate ORM core version 5.4.25.Final
2021-01-04 16:59:23.264  INFO 22988 --- [main] o.hibernate.annotations.common.Version   : HCANN000001: Hibernate Commons Annotations {5.1.2.Final}
2021-01-04 16:59:23.432  INFO 22988 --- [main] com.zaxxer.hikari.HikariDataSource       : HikariPool-1 - Starting...
2021-01-04 16:59:23.876  INFO 22988 --- [main] com.zaxxer.hikari.HikariDataSource       : HikariPool-1 - Start completed.
2021-01-04 16:59:23.903  INFO 22988 --- [main] org.hibernate.dialect.Dialect            : HHH000400: Using dialect: org.hibernate.dialect.PostgreSQLDialect
2021-01-04 16:59:26.120  INFO 22988 --- [main] o.h.e.t.j.p.i.JtaPlatformInitiator       : HHH000490: Using JtaPlatform implementation: [org.hibernate.engine.transaction.jta.platform.internal.NoJtaPlatform]
2021-01-04 16:59:26.127  INFO 22988 --- [main] j.LocalContainerEntityManagerFactoryBean : Initialized JPA EntityManagerFactory for persistence unit 'default'
2021-01-04 16:59:27.411  WARN 22988 --- [main] JpaBaseConfiguration$JpaWebConfiguration : spring.jpa.open-in-view is enabled by default. Therefore, database queries may be performed during view rendering. Explicitly configure spring.jpa.open-in-view to disable this warning
2021-01-04 16:59:27.746  INFO 22988 --- [main] pertySourcedRequestMappingHandlerMapping : Mapped URL path [/v2/api-docs] onto method [springfox.documentation.swagger2.web.Swagger2Controller#getDocumentation(String, HttpServletRequest)]
2021-01-04 16:59:28.003  INFO 22988 --- [main] o.s.s.concurrent.ThreadPoolTaskExecutor  : Initializing ExecutorService 'applicationTaskExecutor'
2021-01-04 16:59:28.687  INFO 22988 --- [main] o.s.b.w.embedded.tomcat.TomcatWebServer  : Tomcat started on port(s): 8082 (http) with context path ''
2021-01-04 16:59:28.688  INFO 22988 --- [main] d.s.w.p.DocumentationPluginsBootstrapper : Context refreshed
2021-01-04 16:59:28.715  INFO 22988 --- [main] d.s.w.p.DocumentationPluginsBootstrapper : Found 1 custom documentation plugin(s)
2021-01-04 16:59:28.762  INFO 22988 --- [main] s.d.s.w.s.ApiListingReferenceScanner     : Scanning for api listing references
2021-01-04 16:59:29.197  INFO 22988 --- [main] com.taxfiling.TaxFilingApplication       : Started TaxFilingApplication in 12.073 seconds (JVM running for 13.676)
2021-01-04 16:59:30.268  INFO 22988 --- [http-nio-8082-exec-1] o.a.c.c.C.[Tomcat].[localhost].[/]       : Initializing Spring DispatcherServlet 'dispatcherServlet'
2021-01-04 16:59:30.269  INFO 22988 --- [http-nio-8082-exec-1] o.s.web.servlet.DispatcherServlet        : Initializing Servlet 'dispatcherServlet'
2021-01-04 16:59:30.271  INFO 22988 --- [http-nio-8082-exec-1] o.s.web.servlet.DispatcherServlet        : Completed initialization in 2 ms
2021-01-04 16:59:30.683  INFO 22988 --- [http-nio-8082-exec-1] c.t.controller.RegistrationController    : Registration of customer is done successfully
2021-01-04 17:00:35.934  INFO 7652 --- [main] com.taxfiling.TaxFilingApplication       : Starting TaxFilingApplication using Java 13.0.1 on Dell-Inspiron with PID 7652 (C:\Users\Vatsal\git\repository4\TaxFilingApplication\target\classes started by Vaibhavi in C:\Users\Vatsal\git\repository4\TaxFilingApplication)
2021-01-04 17:00:35.939  INFO 7652 --- [main] com.taxfiling.TaxFilingApplication       : No active profile set, falling back to default profiles: default
2021-01-04 17:00:37.659  INFO 7652 --- [main] .s.d.r.c.RepositoryConfigurationDelegate : Bootstrapping Spring Data JPA repositories in DEFAULT mode.
2021-01-04 17:00:37.967  INFO 7652 --- [main] .s.d.r.c.RepositoryConfigurationDelegate : Finished Spring Data repository scanning in 294 ms. Found 6 JPA repository interfaces.
2021-01-04 17:00:39.188  INFO 7652 --- [main] o.s.b.w.embedded.tomcat.TomcatWebServer  : Tomcat initialized with port(s): 8082 (http)
2021-01-04 17:00:39.199  INFO 7652 --- [main] o.apache.catalina.core.StandardService   : Starting service [Tomcat]
2021-01-04 17:00:39.200  INFO 7652 --- [main] org.apache.catalina.core.StandardEngine  : Starting Servlet engine: [Apache Tomcat/9.0.41]
2021-01-04 17:00:39.776  INFO 7652 --- [main] o.a.c.c.C.[Tomcat].[localhost].[/]       : Initializing Spring embedded WebApplicationContext
2021-01-04 17:00:39.777  INFO 7652 --- [main] w.s.c.ServletWebServerApplicationContext : Root WebApplicationContext: initialization completed in 3775 ms
2021-01-04 17:00:40.004  INFO 7652 --- [main] o.hibernate.jpa.internal.util.LogHelper  : HHH000204: Processing PersistenceUnitInfo [name: default]
2021-01-04 17:00:40.083  INFO 7652 --- [main] org.hibernate.Version                    : HHH000412: Hibernate ORM core version 5.4.25.Final
2021-01-04 17:00:40.290  INFO 7652 --- [main] o.hibernate.annotations.common.Version   : HCANN000001: Hibernate Commons Annotations {5.1.2.Final}
2021-01-04 17:00:40.451  INFO 7652 --- [main] com.zaxxer.hikari.HikariDataSource       : HikariPool-1 - Starting...
2021-01-04 17:00:41.089  INFO 7652 --- [main] com.zaxxer.hikari.HikariDataSource       : HikariPool-1 - Start completed.
2021-01-04 17:00:41.111  INFO 7652 --- [main] org.hibernate.dialect.Dialect            : HHH000400: Using dialect: org.hibernate.dialect.PostgreSQLDialect
2021-01-04 17:00:43.174  INFO 7652 --- [main] o.h.e.t.j.p.i.JtaPlatformInitiator       : HHH000490: Using JtaPlatform implementation: [org.hibernate.engine.transaction.jta.platform.internal.NoJtaPlatform]
2021-01-04 17:00:43.182  INFO 7652 --- [main] j.LocalContainerEntityManagerFactoryBean : Initialized JPA EntityManagerFactory for persistence unit 'default'
2021-01-04 17:00:44.400  WARN 7652 --- [main] JpaBaseConfiguration$JpaWebConfiguration : spring.jpa.open-in-view is enabled by default. Therefore, database queries may be performed during view rendering. Explicitly configure spring.jpa.open-in-view to disable this warning
2021-01-04 17:00:44.648  INFO 7652 --- [main] pertySourcedRequestMappingHandlerMapping : Mapped URL path [/v2/api-docs] onto method [springfox.documentation.swagger2.web.Swagger2Controller#getDocumentation(String, HttpServletRequest)]
2021-01-04 17:00:44.798  INFO 7652 --- [main] o.s.s.concurrent.ThreadPoolTaskExecutor  : Initializing ExecutorService 'applicationTaskExecutor'
2021-01-04 17:00:45.371  INFO 7652 --- [main] o.s.b.w.embedded.tomcat.TomcatWebServer  : Tomcat started on port(s): 8082 (http) with context path ''
2021-01-04 17:00:45.372  INFO 7652 --- [main] d.s.w.p.DocumentationPluginsBootstrapper : Context refreshed
2021-01-04 17:00:45.400  INFO 7652 --- [main] d.s.w.p.DocumentationPluginsBootstrapper : Found 1 custom documentation plugin(s)
2021-01-04 17:00:45.435  INFO 7652 --- [main] s.d.s.w.s.ApiListingReferenceScanner     : Scanning for api listing references
2021-01-04 17:00:45.777  INFO 7652 --- [main] com.taxfiling.TaxFilingApplication       : Started TaxFilingApplication in 10.363 seconds (JVM running for 11.328)
